<?xml version="1.0" encoding="UTF-8"?>
<testsuite name="tests.RemoveContactTest" tests="2" skipped="0" failures="0" errors="0" timestamp="2021-08-14T13:37:35" hostname="DESKTOP-AUD0KO0" time="40.082">
  <properties/>
  <testcase name="removeAllContacts" classname="tests.RemoveContactTest" time="27.851"/>
  <testcase name="removeOneContact" classname="tests.RemoveContactTest" time="12.212"/>
  <system-out><![CDATA[16:37:23.744  INFO  tests.TestBase - Start method -->removeAllContacts
16:37:23.744  INFO  tests.TestBase - Test Start with Data -->[]
16:37:23.744  INFO  tests.TestBase - ==================================================================
16:37:23.745  INFO  manager.MyListener - Start find element by -->By.xpath: //button[text()='Sign Out']
16:37:33.792  INFO  manager.MyListener - The element -->By.xpath: //button[text()='Sign Out']was found
16:37:33.793  INFO  manager.MyListener - Start find element by -->By.xpath: //a[.='LOGIN']
16:37:33.815  INFO  manager.MyListener - The element -->By.xpath: //a[.='LOGIN']was found
16:37:33.879  INFO  manager.MyListener - Start find element by -->By.xpath: //input[1]
16:37:33.910  INFO  manager.MyListener - The element -->By.xpath: //input[1]was found
16:37:34.227  INFO  manager.MyListener - Start find element by -->By.xpath: //input[2]
16:37:34.248  INFO  manager.MyListener - The element -->By.xpath: //input[2]was found
16:37:34.455  INFO  manager.MyListener - Start find element by -->By.xpath: //button[1]
16:37:34.485  INFO  manager.MyListener - The element -->By.xpath: //button[1]was found
16:37:35.559  INFO  manager.MyListener - Start find element by -->By.cssSelector: .contact-item_card__2SOIM
16:37:35.598  INFO  manager.MyListener - The element -->By.cssSelector: .contact-item_card__2SOIMwas found
16:37:35.599  INFO  manager.MyListener - Start find element by -->By.cssSelector: .contact-item_card__2SOIM
16:37:35.621  INFO  manager.MyListener - The element -->By.cssSelector: .contact-item_card__2SOIMwas found
16:37:35.622  INFO  manager.MyListener - Start find element by -->By.cssSelector: .contact-item_card__2SOIM
16:37:35.660  INFO  manager.MyListener - The element -->By.cssSelector: .contact-item_card__2SOIMwas found
16:37:35.760  INFO  manager.MyListener - Start find element by -->By.xpath: //button[.='Remove']
16:37:35.792  INFO  manager.MyListener - The element -->By.xpath: //button[.='Remove']was found
16:37:37.856  INFO  manager.MyListener - Start find element by -->By.cssSelector: .contact-item_card__2SOIM
16:37:37.882  INFO  manager.MyListener - The element -->By.cssSelector: .contact-item_card__2SOIMwas found
16:37:37.883  INFO  manager.MyListener - Start find element by -->By.cssSelector: .contact-item_card__2SOIM
16:37:37.896  INFO  manager.MyListener - The element -->By.cssSelector: .contact-item_card__2SOIMwas found
16:37:37.897  INFO  manager.MyListener - Start find element by -->By.cssSelector: .contact-item_card__2SOIM
16:37:37.910  INFO  manager.MyListener - The element -->By.cssSelector: .contact-item_card__2SOIMwas found
16:37:37.954  INFO  manager.MyListener - Start find element by -->By.xpath: //button[.='Remove']
16:37:37.980  INFO  manager.MyListener - The element -->By.xpath: //button[.='Remove']was found
16:37:40.062  INFO  manager.MyListener - Start find element by -->By.cssSelector: .contact-item_card__2SOIM
16:37:40.088  INFO  manager.MyListener - The element -->By.cssSelector: .contact-item_card__2SOIMwas found
16:37:40.088  INFO  manager.MyListener - Start find element by -->By.cssSelector: .contact-item_card__2SOIM
16:37:40.102  INFO  manager.MyListener - The element -->By.cssSelector: .contact-item_card__2SOIMwas found
16:37:40.102  INFO  manager.MyListener - Start find element by -->By.cssSelector: .contact-item_card__2SOIM
16:37:40.117  INFO  manager.MyListener - The element -->By.cssSelector: .contact-item_card__2SOIMwas found
16:37:40.177  INFO  manager.MyListener - Start find element by -->By.xpath: //button[.='Remove']
16:37:40.200  INFO  manager.MyListener - The element -->By.xpath: //button[.='Remove']was found
16:37:42.257  INFO  manager.MyListener - Start find element by -->By.cssSelector: .contact-item_card__2SOIM
16:37:42.286  INFO  manager.MyListener - The element -->By.cssSelector: .contact-item_card__2SOIMwas found
16:37:42.286  INFO  manager.MyListener - Start find element by -->By.cssSelector: .contact-item_card__2SOIM
16:37:42.302  INFO  manager.MyListener - The element -->By.cssSelector: .contact-item_card__2SOIMwas found
16:37:42.302  INFO  manager.MyListener - Start find element by -->By.cssSelector: .contact-item_card__2SOIM
16:37:42.329  INFO  manager.MyListener - The element -->By.cssSelector: .contact-item_card__2SOIMwas found
16:37:42.414  INFO  manager.MyListener - Start find element by -->By.xpath: //button[.='Remove']
16:37:42.446  INFO  manager.MyListener - The element -->By.xpath: //button[.='Remove']was found
16:37:44.528  INFO  manager.MyListener - Start find element by -->By.cssSelector: .contact-item_card__2SOIM
16:37:44.553  INFO  manager.MyListener - The element -->By.cssSelector: .contact-item_card__2SOIMwas found
16:37:44.554  INFO  manager.MyListener - Start find element by -->By.cssSelector: .contact-item_card__2SOIM
16:37:44.567  INFO  manager.MyListener - The element -->By.cssSelector: .contact-item_card__2SOIMwas found
16:37:44.568  INFO  manager.MyListener - Start find element by -->By.cssSelector: .contact-item_card__2SOIM
16:37:44.583  INFO  manager.MyListener - The element -->By.cssSelector: .contact-item_card__2SOIMwas found
16:37:44.649  INFO  manager.MyListener - Start find element by -->By.xpath: //button[.='Remove']
16:37:44.669  INFO  manager.MyListener - The element -->By.xpath: //button[.='Remove']was found
16:37:46.742  INFO  manager.MyListener - Start find element by -->By.cssSelector: .contact-item_card__2SOIM
16:37:46.770  INFO  manager.MyListener - The element -->By.cssSelector: .contact-item_card__2SOIMwas found
16:37:46.770  INFO  manager.MyListener - Start find element by -->By.cssSelector: .contact-item_card__2SOIM
16:37:46.781  INFO  manager.MyListener - The element -->By.cssSelector: .contact-item_card__2SOIMwas found
16:37:46.782  INFO  manager.MyListener - Start find element by -->By.cssSelector: .contact-item_card__2SOIM
16:37:46.796  INFO  manager.MyListener - The element -->By.cssSelector: .contact-item_card__2SOIMwas found
16:37:46.864  INFO  manager.MyListener - Start find element by -->By.xpath: //button[.='Remove']
16:37:46.887  INFO  manager.MyListener - The element -->By.xpath: //button[.='Remove']was found
16:37:48.958  INFO  manager.MyListener - Start find element by -->By.cssSelector: .contact-item_card__2SOIM
16:37:48.984  INFO  manager.MyListener - The element -->By.cssSelector: .contact-item_card__2SOIMwas found
16:37:48.985  INFO  manager.MyListener - Start find element by -->By.cssSelector: .contact-item_card__2SOIM
16:37:48.998  INFO  manager.MyListener - The element -->By.cssSelector: .contact-item_card__2SOIMwas found
16:37:48.998  INFO  manager.MyListener - Start find element by -->By.cssSelector: .contact-item_card__2SOIM
16:37:49.015  INFO  manager.MyListener - The element -->By.cssSelector: .contact-item_card__2SOIMwas found
16:37:49.074  INFO  manager.MyListener - Start find element by -->By.xpath: //button[.='Remove']
16:37:49.098  INFO  manager.MyListener - The element -->By.xpath: //button[.='Remove']was found
16:37:51.160  INFO  manager.MyListener - Start find element by -->By.cssSelector: .contact-item_card__2SOIM
16:37:51.185  INFO  manager.MyListener - The element -->By.cssSelector: .contact-item_card__2SOIMwas found
16:37:51.185  INFO  manager.MyListener - Start find element by -->By.cssSelector: .contact-item_card__2SOIM
16:37:51.199  INFO  manager.MyListener - The element -->By.cssSelector: .contact-item_card__2SOIMwas found
16:37:51.199  INFO  manager.MyListener - Start find element by -->By.cssSelector: .contact-item_card__2SOIM
16:37:51.217  INFO  manager.MyListener - The element -->By.cssSelector: .contact-item_card__2SOIMwas found
16:37:51.281  INFO  manager.MyListener - Start find element by -->By.xpath: //button[.='Remove']
16:37:51.303  INFO  manager.MyListener - The element -->By.xpath: //button[.='Remove']was found
16:37:53.372  INFO  manager.MyListener - Start find element by -->By.cssSelector: .contact-item_card__2SOIM
16:38:03.409  INFO  manager.MyListener - The element -->By.cssSelector: .contact-item_card__2SOIMwas found
16:38:03.411  INFO  tests.TestBase - End of method -->removeAllContacts
16:38:03.412  INFO  tests.TestBase - Start method -->removeOneContact
16:38:03.412  INFO  tests.TestBase - Test Start with Data -->[]
16:38:03.412  INFO  tests.TestBase - ==================================================================
16:38:03.413  INFO  manager.MyListener - Start find element by -->By.xpath: //button[text()='Sign Out']
16:38:03.428  INFO  manager.MyListener - The element -->By.xpath: //button[text()='Sign Out']was found
16:38:03.429  INFO  manager.MyListener - Start find element by -->By.cssSelector: .contact-item_card__2SOIM
16:38:13.477  INFO  manager.MyListener - The element -->By.cssSelector: .contact-item_card__2SOIMwas found
16:38:13.478  INFO  manager.MyListener - Start find element by -->By.xpath: //a[.='ADD']
16:38:13.503  INFO  manager.MyListener - The element -->By.xpath: //a[.='ADD']was found
16:38:13.586  INFO  manager.MyListener - Start find element by -->By.cssSelector: [placeholder='Name']
16:38:13.627  INFO  manager.MyListener - The element -->By.cssSelector: [placeholder='Name']was found
16:38:13.800  INFO  manager.MyListener - Start find element by -->By.cssSelector: [placeholder='Last Name']
16:38:13.831  INFO  manager.MyListener - The element -->By.cssSelector: [placeholder='Last Name']was found
16:38:13.994  INFO  manager.MyListener - Start find element by -->By.cssSelector: [placeholder='Phone']
16:38:14.021  INFO  manager.MyListener - The element -->By.cssSelector: [placeholder='Phone']was found
16:38:14.202  INFO  manager.MyListener - Start find element by -->By.cssSelector: [placeholder='email']
16:38:14.227  INFO  manager.MyListener - The element -->By.cssSelector: [placeholder='email']was found
16:38:14.416  INFO  manager.MyListener - Start find element by -->By.cssSelector: [placeholder='Address']
16:38:14.447  INFO  manager.MyListener - The element -->By.cssSelector: [placeholder='Address']was found
16:38:14.610  INFO  manager.MyListener - Start find element by -->By.cssSelector: [placeholder='description']
16:38:14.632  INFO  manager.MyListener - The element -->By.cssSelector: [placeholder='description']was found
16:38:14.806  INFO  manager.MyListener - Start find element by -->By.xpath: //button[.='Save']
16:38:14.837  INFO  manager.MyListener - The element -->By.xpath: //button[.='Save']was found
16:38:14.882  INFO  manager.MyListener - Start find element by -->By.xpath: //h3
16:38:15.430  INFO  manager.MyListener - The element -->By.xpath: //h3was found
123456229316:38:15.457  INFO  manager.MyListener - Start find element by -->By.cssSelector: .contact-item_card__2SOIM
16:38:15.485  INFO  manager.MyListener - The element -->By.cssSelector: .contact-item_card__2SOIMwas found
16:38:15.551  INFO  manager.MyListener - Start find element by -->By.xpath: //button[.='Remove']
16:38:15.581  INFO  manager.MyListener - The element -->By.xpath: //button[.='Remove']was found
16:38:15.642  INFO  tests.TestBase - End of method -->removeOneContact
]]></system-out>
  <system-err><![CDATA[]]></system-err>
</testsuite>
