<?xml version="1.0" encoding="UTF-8"?>
<testsuite name="tests.LoginTest" tests="12" skipped="0" failures="0" errors="0" timestamp="2021-08-14T13:36:45" hostname="DESKTOP-AUD0KO0" time="38.093">
  <properties/>
  <testcase name="loginTestBase" classname="tests.LoginTest" time="0.907"/>
  <testcase name="loginTestDP_CSV[0](User{email='noa@gmail.com', password='Nnoa12345$'})" classname="tests.LoginTest" time="1.077"/>
  <testcase name="loginTestDP_CSV[1](User{email='noa@gmail.com', password='Nnoa12345$'})" classname="tests.LoginTest" time="1.452"/>
  <testcase name="loginTestDP_CSV[2](User{email='noa@gmail.com', password='Nnoa12345$'})" classname="tests.LoginTest" time="0.986"/>
  <testcase name="loginTestDataProvider[0](noa@gmail.com, Nnoa12345$)" classname="tests.LoginTest" time="3.231"/>
  <testcase name="loginTestDataProvider[1](sonya@gmail.com, Ss12345$)" classname="tests.LoginTest" time="2.699"/>
  <testcase name="loginTestDataProvider[2](noa@gmail.com, Nnoa12345$)" classname="tests.LoginTest" time="2.913"/>
  <testcase name="loginTestDataProviderClass[0](noa@gmail.com, Nnoa12345$)" classname="tests.LoginTest" time="2.784"/>
  <testcase name="loginTestDataProviderClass[1](sonya@gmail.com, Ss12345$)" classname="tests.LoginTest" time="2.658"/>
  <testcase name="loginTestDataProviderClass[2](noa@gmail.com, Nnoa12345$)" classname="tests.LoginTest" time="2.767"/>
  <testcase name="loginTestPositiveNewContact" classname="tests.LoginTest" time="2.716"/>
  <testcase name="loginTestWithWrongPassword" classname="tests.LoginTest" time="11.589"/>
  <system-out><![CDATA[16:36:45.107  INFO  tests.TestBase - Start method -->loginTestBase
16:36:45.107  INFO  tests.TestBase - Test Start with Data -->[]
16:36:45.107  INFO  tests.TestBase - ==================================================================
16:36:45.108  INFO  manager.MyListener - Start find element by -->By.xpath: //button[text()='Sign Out']
16:36:45.126  INFO  manager.MyListener - The element -->By.xpath: //button[text()='Sign Out']was found
16:36:45.132  INFO  manager.MyListener - Start find element by -->By.xpath: //button[text()='Sign Out']
16:36:45.184  INFO  manager.MyListener - The element -->By.xpath: //button[text()='Sign Out']was found
16:36:45.522  INFO  manager.MyListener - Start find element by -->By.xpath: //button[text()='Sign Out']
16:36:45.533  INFO  manager.MyListener - The element -->By.xpath: //button[text()='Sign Out']was found
16:36:45.646  INFO  manager.MyListener - Start find element by -->By.xpath: //a[.='LOGIN']
16:36:45.668  INFO  manager.MyListener - The element -->By.xpath: //a[.='LOGIN']was found
16:36:45.754  INFO  manager.MyListener - Start find element by -->By.xpath: //input[1]
16:36:45.776  INFO  manager.MyListener - The element -->By.xpath: //input[1]was found
16:36:45.992  INFO  manager.MyListener - Start find element by -->By.xpath: //input[2]
16:36:46.015  INFO  manager.MyListener - The element -->By.xpath: //input[2]was found
16:36:46.292  INFO  manager.MyListener - Start find element by -->By.xpath: //button[1]
16:36:46.325  INFO  manager.MyListener - The element -->By.xpath: //button[1]was found
16:36:46.395  INFO  manager.MyListener - Start find element by -->By.xpath: //button[text()='Sign Out']
16:36:46.552  INFO  manager.MyListener - The element -->By.xpath: //button[text()='Sign Out']was found
16:36:46.553  INFO  tests.TestBase - End of method -->loginTestBase
16:36:46.557  INFO  tests.TestBase - Start method -->loginTestDP_CSV
16:36:46.572  INFO  tests.TestBase - Test Start with Data -->[User{email='noa@gmail.com', password='Nnoa12345$'}]
16:36:46.572  INFO  tests.TestBase - ==================================================================
16:36:46.573  INFO  manager.MyListener - Start find element by -->By.xpath: //button[text()='Sign Out']
16:36:46.599  INFO  manager.MyListener - The element -->By.xpath: //button[text()='Sign Out']was found
16:36:46.599  INFO  manager.MyListener - Start find element by -->By.xpath: //button[text()='Sign Out']
16:36:46.613  INFO  manager.MyListener - The element -->By.xpath: //button[text()='Sign Out']was found
16:36:46.675  INFO  manager.MyListener - Start find element by -->By.xpath: //button[text()='Sign Out']
16:36:46.700  INFO  manager.MyListener - The element -->By.xpath: //button[text()='Sign Out']was found
16:36:46.776  INFO  manager.MyListener - Start find element by -->By.xpath: //a[.='LOGIN']
16:36:46.804  INFO  manager.MyListener - The element -->By.xpath: //a[.='LOGIN']was found
16:36:46.867  INFO  manager.MyListener - Start find element by -->By.xpath: //input[1]
16:36:46.886  INFO  manager.MyListener - The element -->By.xpath: //input[1]was found
16:36:47.164  INFO  manager.MyListener - Start find element by -->By.xpath: //input[2]
16:36:47.191  INFO  manager.MyListener - The element -->By.xpath: //input[2]was found
16:36:47.368  INFO  manager.MyListener - Start find element by -->By.xpath: //button[1]
16:36:47.387  INFO  manager.MyListener - The element -->By.xpath: //button[1]was found
16:36:47.448  INFO  manager.MyListener - Start find element by -->By.xpath: //button[text()='Sign Out']
16:36:47.851  INFO  manager.MyListener - The element -->By.xpath: //button[text()='Sign Out']was found
16:36:47.853  INFO  tests.TestBase - End of method -->loginTestDP_CSV
16:36:47.855  INFO  tests.TestBase - Start method -->loginTestDP_CSV
16:36:47.856  INFO  tests.TestBase - Test Start with Data -->[User{email='noa@gmail.com', password='Nnoa12345$'}]
16:36:47.856  INFO  tests.TestBase - ==================================================================
16:36:47.856  INFO  manager.MyListener - Start find element by -->By.xpath: //button[text()='Sign Out']
16:36:47.881  INFO  manager.MyListener - The element -->By.xpath: //button[text()='Sign Out']was found
16:36:47.882  INFO  manager.MyListener - Start find element by -->By.xpath: //button[text()='Sign Out']
16:36:47.899  INFO  manager.MyListener - The element -->By.xpath: //button[text()='Sign Out']was found
16:36:47.957  INFO  manager.MyListener - Start find element by -->By.xpath: //button[text()='Sign Out']
16:36:47.981  INFO  manager.MyListener - The element -->By.xpath: //button[text()='Sign Out']was found
16:36:48.100  INFO  manager.MyListener - Start find element by -->By.xpath: //a[.='LOGIN']
16:36:48.125  INFO  manager.MyListener - The element -->By.xpath: //a[.='LOGIN']was found
16:36:48.238  INFO  manager.MyListener - Start find element by -->By.xpath: //input[1]
16:36:48.263  INFO  manager.MyListener - The element -->By.xpath: //input[1]was found
16:36:48.469  INFO  manager.MyListener - Start find element by -->By.xpath: //input[2]
16:36:48.489  INFO  manager.MyListener - The element -->By.xpath: //input[2]was found
16:36:48.762  INFO  manager.MyListener - Start find element by -->By.xpath: //button[1]
16:36:49.234  INFO  manager.MyListener - The element -->By.xpath: //button[1]was found
16:36:49.376  INFO  manager.MyListener - Start find element by -->By.xpath: //button[text()='Sign Out']
16:36:49.551  INFO  manager.MyListener - The element -->By.xpath: //button[text()='Sign Out']was found
16:36:49.552  INFO  tests.TestBase - End of method -->loginTestDP_CSV
16:36:49.554  INFO  tests.TestBase - Start method -->loginTestDP_CSV
16:36:49.554  INFO  tests.TestBase - Test Start with Data -->[User{email='noa@gmail.com', password='Nnoa12345$'}]
16:36:49.554  INFO  tests.TestBase - ==================================================================
16:36:49.555  INFO  manager.MyListener - Start find element by -->By.xpath: //button[text()='Sign Out']
16:36:49.578  INFO  manager.MyListener - The element -->By.xpath: //button[text()='Sign Out']was found
16:36:49.579  INFO  manager.MyListener - Start find element by -->By.xpath: //button[text()='Sign Out']
16:36:49.596  INFO  manager.MyListener - The element -->By.xpath: //button[text()='Sign Out']was found
16:36:49.638  INFO  manager.MyListener - Start find element by -->By.xpath: //button[text()='Sign Out']
16:36:49.658  INFO  manager.MyListener - The element -->By.xpath: //button[text()='Sign Out']was found
16:36:49.729  INFO  manager.MyListener - Start find element by -->By.xpath: //a[.='LOGIN']
16:36:49.754  INFO  manager.MyListener - The element -->By.xpath: //a[.='LOGIN']was found
16:36:49.817  INFO  manager.MyListener - Start find element by -->By.xpath: //input[1]
16:36:49.834  INFO  manager.MyListener - The element -->By.xpath: //input[1]was found
16:36:50.213  INFO  manager.MyListener - Start find element by -->By.xpath: //input[2]
16:36:50.231  INFO  manager.MyListener - The element -->By.xpath: //input[2]was found
16:36:50.495  INFO  manager.MyListener - Start find element by -->By.xpath: //button[1]
16:36:50.511  INFO  manager.MyListener - The element -->By.xpath: //button[1]was found
16:36:50.566  INFO  manager.MyListener - Start find element by -->By.xpath: //button[text()='Sign Out']
16:36:50.714  INFO  manager.MyListener - The element -->By.xpath: //button[text()='Sign Out']was found
16:36:50.715  INFO  tests.TestBase - End of method -->loginTestDP_CSV
16:36:50.717  INFO  tests.TestBase - Start method -->loginTestDataProvider
16:36:50.717  INFO  tests.TestBase - Test Start with Data -->[noa@gmail.com, Nnoa12345$]
16:36:50.717  INFO  tests.TestBase - ==================================================================
16:36:50.718  INFO  manager.MyListener - Start find element by -->By.xpath: //button[text()='Sign Out']
16:36:50.751  INFO  manager.MyListener - The element -->By.xpath: //button[text()='Sign Out']was found
16:36:50.752  INFO  manager.MyListener - Start find element by -->By.xpath: //button[text()='Sign Out']
16:36:50.775  INFO  manager.MyListener - The element -->By.xpath: //button[text()='Sign Out']was found
16:36:50.816  INFO  manager.MyListener - Start find element by -->By.xpath: //button[text()='Sign Out']
16:36:50.844  INFO  manager.MyListener - The element -->By.xpath: //button[text()='Sign Out']was found
16:36:50.920  INFO  manager.MyListener - Start find element by -->By.xpath: //a[.='LOGIN']
16:36:50.950  INFO  manager.MyListener - The element -->By.xpath: //a[.='LOGIN']was found
16:36:51.003  INFO  manager.MyListener - Start find element by -->By.xpath: //input[1]
16:36:51.501  INFO  manager.MyListener - The element -->By.xpath: //input[1]was found
16:36:51.819  INFO  manager.MyListener - Start find element by -->By.xpath: //input[2]
16:36:51.847  INFO  manager.MyListener - The element -->By.xpath: //input[2]was found
16:36:52.034  INFO  manager.MyListener - Start find element by -->By.xpath: //button[1]
16:36:52.055  INFO  manager.MyListener - The element -->By.xpath: //button[1]was found
16:36:54.120  INFO  manager.MyListener - Start find element by -->By.xpath: //button[text()='Sign Out']
16:36:54.150  INFO  manager.MyListener - The element -->By.xpath: //button[text()='Sign Out']was found
16:36:54.151  INFO  tests.TestBase - End of method -->loginTestDataProvider
16:36:54.153  INFO  tests.TestBase - Start method -->loginTestDataProvider
16:36:54.153  INFO  tests.TestBase - Test Start with Data -->[sonya@gmail.com, Ss12345$]
16:36:54.153  INFO  tests.TestBase - ==================================================================
16:36:54.154  INFO  manager.MyListener - Start find element by -->By.xpath: //button[text()='Sign Out']
16:36:54.176  INFO  manager.MyListener - The element -->By.xpath: //button[text()='Sign Out']was found
16:36:54.177  INFO  manager.MyListener - Start find element by -->By.xpath: //button[text()='Sign Out']
16:36:54.191  INFO  manager.MyListener - The element -->By.xpath: //button[text()='Sign Out']was found
16:36:54.213  INFO  manager.MyListener - Start find element by -->By.xpath: //button[text()='Sign Out']
16:36:54.241  INFO  manager.MyListener - The element -->By.xpath: //button[text()='Sign Out']was found
16:36:54.309  INFO  manager.MyListener - Start find element by -->By.xpath: //a[.='LOGIN']
16:36:54.344  INFO  manager.MyListener - The element -->By.xpath: //a[.='LOGIN']was found
16:36:54.414  INFO  manager.MyListener - Start find element by -->By.xpath: //input[1]
16:36:54.436  INFO  manager.MyListener - The element -->By.xpath: //input[1]was found
16:36:54.679  INFO  manager.MyListener - Start find element by -->By.xpath: //input[2]
16:36:54.702  INFO  manager.MyListener - The element -->By.xpath: //input[2]was found
16:36:54.879  INFO  manager.MyListener - Start find element by -->By.xpath: //button[1]
16:36:54.900  INFO  manager.MyListener - The element -->By.xpath: //button[1]was found
16:36:56.980  INFO  manager.MyListener - Start find element by -->By.xpath: //button[text()='Sign Out']
16:36:57.007  INFO  manager.MyListener - The element -->By.xpath: //button[text()='Sign Out']was found
16:36:57.009  INFO  tests.TestBase - End of method -->loginTestDataProvider
16:36:57.013  INFO  tests.TestBase - Start method -->loginTestDataProvider
16:36:57.014  INFO  tests.TestBase - Test Start with Data -->[noa@gmail.com, Nnoa12345$]
16:36:57.015  INFO  tests.TestBase - ==================================================================
16:36:57.015  INFO  manager.MyListener - Start find element by -->By.xpath: //button[text()='Sign Out']
16:36:57.036  INFO  manager.MyListener - The element -->By.xpath: //button[text()='Sign Out']was found
16:36:57.037  INFO  manager.MyListener - Start find element by -->By.xpath: //button[text()='Sign Out']
16:36:57.060  INFO  manager.MyListener - The element -->By.xpath: //button[text()='Sign Out']was found
16:36:57.086  INFO  manager.MyListener - Start find element by -->By.xpath: //button[text()='Sign Out']
16:36:57.098  INFO  manager.MyListener - The element -->By.xpath: //button[text()='Sign Out']was found
16:36:57.164  INFO  manager.MyListener - Start find element by -->By.xpath: //a[.='LOGIN']
16:36:57.193  INFO  manager.MyListener - The element -->By.xpath: //a[.='LOGIN']was found
16:36:57.258  INFO  manager.MyListener - Start find element by -->By.xpath: //input[1]
16:36:57.272  INFO  manager.MyListener - The element -->By.xpath: //input[1]was found
16:36:57.647  INFO  manager.MyListener - Start find element by -->By.xpath: //input[2]
16:36:57.672  INFO  manager.MyListener - The element -->By.xpath: //input[2]was found
16:36:57.939  INFO  manager.MyListener - Start find element by -->By.xpath: //button[1]
16:36:57.970  INFO  manager.MyListener - The element -->By.xpath: //button[1]was found
16:37:00.050  INFO  manager.MyListener - Start find element by -->By.xpath: //button[text()='Sign Out']
16:37:00.077  INFO  manager.MyListener - The element -->By.xpath: //button[text()='Sign Out']was found
16:37:00.079  INFO  tests.TestBase - End of method -->loginTestDataProvider
16:37:00.082  INFO  tests.TestBase - Start method -->loginTestDataProviderClass
16:37:00.083  INFO  tests.TestBase - Test Start with Data -->[noa@gmail.com, Nnoa12345$]
16:37:00.085  INFO  tests.TestBase - ==================================================================
16:37:00.086  INFO  manager.MyListener - Start find element by -->By.xpath: //button[text()='Sign Out']
16:37:00.110  INFO  manager.MyListener - The element -->By.xpath: //button[text()='Sign Out']was found
16:37:00.110  INFO  manager.MyListener - Start find element by -->By.xpath: //button[text()='Sign Out']
16:37:00.122  INFO  manager.MyListener - The element -->By.xpath: //button[text()='Sign Out']was found
16:37:00.165  INFO  manager.MyListener - Start find element by -->By.xpath: //button[text()='Sign Out']
16:37:00.196  INFO  manager.MyListener - The element -->By.xpath: //button[text()='Sign Out']was found
16:37:00.312  INFO  manager.MyListener - Start find element by -->By.xpath: //a[.='LOGIN']
16:37:00.353  INFO  manager.MyListener - The element -->By.xpath: //a[.='LOGIN']was found
16:37:00.441  INFO  manager.MyListener - Start find element by -->By.xpath: //input[1]
16:37:00.460  INFO  manager.MyListener - The element -->By.xpath: //input[1]was found
16:37:00.743  INFO  manager.MyListener - Start find element by -->By.xpath: //input[2]
16:37:00.754  INFO  manager.MyListener - The element -->By.xpath: //input[2]was found
16:37:00.946  INFO  manager.MyListener - Start find element by -->By.xpath: //button[1]
16:37:00.965  INFO  manager.MyListener - The element -->By.xpath: //button[1]was found
16:37:03.069  INFO  manager.MyListener - Start find element by -->By.xpath: //button[text()='Sign Out']
16:37:03.095  INFO  manager.MyListener - The element -->By.xpath: //button[text()='Sign Out']was found
16:37:03.097  INFO  tests.TestBase - End of method -->loginTestDataProviderClass
16:37:03.098  INFO  tests.TestBase - Start method -->loginTestDataProviderClass
16:37:03.098  INFO  tests.TestBase - Test Start with Data -->[sonya@gmail.com, Ss12345$]
16:37:03.098  INFO  tests.TestBase - ==================================================================
16:37:03.099  INFO  manager.MyListener - Start find element by -->By.xpath: //button[text()='Sign Out']
16:37:03.125  INFO  manager.MyListener - The element -->By.xpath: //button[text()='Sign Out']was found
16:37:03.125  INFO  manager.MyListener - Start find element by -->By.xpath: //button[text()='Sign Out']
16:37:03.140  INFO  manager.MyListener - The element -->By.xpath: //button[text()='Sign Out']was found
16:37:03.168  INFO  manager.MyListener - Start find element by -->By.xpath: //button[text()='Sign Out']
16:37:03.193  INFO  manager.MyListener - The element -->By.xpath: //button[text()='Sign Out']was found
16:37:03.390  INFO  manager.MyListener - Start find element by -->By.xpath: //a[.='LOGIN']
16:37:03.418  INFO  manager.MyListener - The element -->By.xpath: //a[.='LOGIN']was found
16:37:03.495  INFO  manager.MyListener - Start find element by -->By.xpath: //input[1]
16:37:03.524  INFO  manager.MyListener - The element -->By.xpath: //input[1]was found
16:37:03.724  INFO  manager.MyListener - Start find element by -->By.xpath: //input[2]
16:37:03.751  INFO  manager.MyListener - The element -->By.xpath: //input[2]was found
16:37:03.927  INFO  manager.MyListener - Start find element by -->By.xpath: //button[1]
16:37:03.948  INFO  manager.MyListener - The element -->By.xpath: //button[1]was found
16:37:06.018  INFO  manager.MyListener - Start find element by -->By.xpath: //button[text()='Sign Out']
16:37:06.047  INFO  manager.MyListener - The element -->By.xpath: //button[text()='Sign Out']was found
16:37:06.048  INFO  tests.TestBase - End of method -->loginTestDataProviderClass
16:37:06.050  INFO  tests.TestBase - Start method -->loginTestDataProviderClass
16:37:06.050  INFO  tests.TestBase - Test Start with Data -->[noa@gmail.com, Nnoa12345$]
16:37:06.050  INFO  tests.TestBase - ==================================================================
16:37:06.051  INFO  manager.MyListener - Start find element by -->By.xpath: //button[text()='Sign Out']
16:37:06.075  INFO  manager.MyListener - The element -->By.xpath: //button[text()='Sign Out']was found
16:37:06.076  INFO  manager.MyListener - Start find element by -->By.xpath: //button[text()='Sign Out']
16:37:06.101  INFO  manager.MyListener - The element -->By.xpath: //button[text()='Sign Out']was found
16:37:06.141  INFO  manager.MyListener - Start find element by -->By.xpath: //button[text()='Sign Out']
16:37:06.166  INFO  manager.MyListener - The element -->By.xpath: //button[text()='Sign Out']was found
16:37:06.283  INFO  manager.MyListener - Start find element by -->By.xpath: //a[.='LOGIN']
16:37:06.301  INFO  manager.MyListener - The element -->By.xpath: //a[.='LOGIN']was found
16:37:06.426  INFO  manager.MyListener - Start find element by -->By.xpath: //input[1]
16:37:06.452  INFO  manager.MyListener - The element -->By.xpath: //input[1]was found
16:37:06.680  INFO  manager.MyListener - Start find element by -->By.xpath: //input[2]
16:37:06.706  INFO  manager.MyListener - The element -->By.xpath: //input[2]was found
16:37:06.915  INFO  manager.MyListener - Start find element by -->By.xpath: //button[1]
16:37:06.944  INFO  manager.MyListener - The element -->By.xpath: //button[1]was found
16:37:09.025  INFO  manager.MyListener - Start find element by -->By.xpath: //button[text()='Sign Out']
16:37:09.050  INFO  manager.MyListener - The element -->By.xpath: //button[text()='Sign Out']was found
16:37:09.051  INFO  tests.TestBase - End of method -->loginTestDataProviderClass
16:37:09.053  INFO  tests.TestBase - Start method -->loginTestPositiveNewContact
16:37:09.053  INFO  tests.TestBase - Test Start with Data -->[]
16:37:09.053  INFO  tests.TestBase - ==================================================================
16:37:09.053  INFO  manager.MyListener - Start find element by -->By.xpath: //button[text()='Sign Out']
16:37:09.064  INFO  manager.MyListener - The element -->By.xpath: //button[text()='Sign Out']was found
16:37:09.064  INFO  manager.MyListener - Start find element by -->By.xpath: //button[text()='Sign Out']
16:37:09.080  INFO  manager.MyListener - The element -->By.xpath: //button[text()='Sign Out']was found
16:37:09.102  INFO  manager.MyListener - Start find element by -->By.xpath: //button[text()='Sign Out']
16:37:09.134  INFO  manager.MyListener - The element -->By.xpath: //button[text()='Sign Out']was found
16:37:09.275  INFO  manager.MyListener - Start find element by -->By.xpath: //a[.='LOGIN']
16:37:09.300  INFO  manager.MyListener - The element -->By.xpath: //a[.='LOGIN']was found
16:37:09.374  INFO  manager.MyListener - Start find element by -->By.xpath: //input[@placeholder='Email']
16:37:09.406  INFO  manager.MyListener - The element -->By.xpath: //input[@placeholder='Email']was found
16:37:09.606  INFO  manager.MyListener - Start find element by -->By.xpath: //input[@placeholder='Password']
16:37:09.633  INFO  manager.MyListener - The element -->By.xpath: //input[@placeholder='Password']was found
16:37:09.838  INFO  manager.MyListener - Start find element by -->By.xpath: //button[.=' Login']
16:37:09.868  INFO  manager.MyListener - The element -->By.xpath: //button[.=' Login']was found
16:37:11.947  INFO  manager.MyListener - Start find element by -->By.xpath: //a[.='ADD']
16:37:11.972  INFO  manager.MyListener - The element -->By.xpath: //a[.='ADD']was found
16:37:11.991  INFO  tests.TestBase - End of method -->loginTestPositiveNewContact
16:37:11.992  INFO  tests.TestBase - Start method -->loginTestWithWrongPassword
16:37:11.992  INFO  tests.TestBase - Test Start with Data -->[]
16:37:11.992  INFO  tests.TestBase - ==================================================================
16:37:11.993  INFO  manager.MyListener - Start find element by -->By.xpath: //button[text()='Sign Out']
16:37:12.021  INFO  manager.MyListener - The element -->By.xpath: //button[text()='Sign Out']was found
16:37:12.021  INFO  manager.MyListener - Start find element by -->By.xpath: //button[text()='Sign Out']
16:37:12.032  INFO  manager.MyListener - The element -->By.xpath: //button[text()='Sign Out']was found
16:37:12.057  INFO  manager.MyListener - Start find element by -->By.xpath: //button[text()='Sign Out']
16:37:12.079  INFO  manager.MyListener - The element -->By.xpath: //button[text()='Sign Out']was found
16:37:12.150  INFO  manager.MyListener - Start find element by -->By.xpath: //a[.='LOGIN']
16:37:12.175  INFO  manager.MyListener - The element -->By.xpath: //a[.='LOGIN']was found
16:37:12.241  INFO  manager.MyListener - Start find element by -->By.xpath: //input[1]
16:37:12.270  INFO  manager.MyListener - The element -->By.xpath: //input[1]was found
16:37:12.493  INFO  manager.MyListener - Start find element by -->By.xpath: //input[2]
16:37:12.507  INFO  manager.MyListener - The element -->By.xpath: //input[2]was found
16:37:12.686  INFO  manager.MyListener - Start find element by -->By.xpath: //button[1]
16:37:12.712  INFO  manager.MyListener - The element -->By.xpath: //button[1]was found
16:37:13.678  INFO  manager.MyListener - Start find element by -->By.xpath: //button[text()='Sign Out']
16:37:23.738  INFO  manager.MyListener - The element -->By.xpath: //button[text()='Sign Out']was found
16:37:23.739  INFO  tests.TestBase - End of method -->loginTestWithWrongPassword
]]></system-out>
  <system-err><![CDATA[]]></system-err>
</testsuite>
