<?xml version="1.0" encoding="UTF-8"?>
<testsuite name="tests.SmokeTest" tests="1" skipped="0" failures="0" errors="0" timestamp="2021-08-14T13:38:15" hostname="DESKTOP-AUD0KO0" time="0.0">
  <properties/>
  <testcase name="smokeTest" classname="tests.SmokeTest" time="0.0"/>
  <system-out><![CDATA[16:38:15.643  INFO  tests.TestBase - Start method -->smokeTest
16:38:15.644  INFO  tests.TestBase - Test Start with Data -->[]
16:38:15.644  INFO  tests.TestBase - ==================================================================
Im Smoke Test 
16:38:15.645  INFO  tests.TestBase - End of method -->smokeTest
]]></system-out>
  <system-err><![CDATA[]]></system-err>
</testsuite>
