<?xml version="1.0" encoding="UTF-8"?>
<testsuite name="tests.SmokeTest" tests="1" skipped="0" failures="0" errors="0" timestamp="2021-08-02T14:58:19" hostname="DESKTOP-AUD0KO0" time="0.002">
  <properties/>
  <testcase name="smokeTest" classname="tests.SmokeTest" time="0.002"/>
  <system-out><![CDATA[Im Smoke Test 
]]></system-out>
  <system-err><![CDATA[]]></system-err>
</testsuite>
