<?xml version="1.0" encoding="UTF-8"?>
<testsuite name="tests.QuickTest" tests="1" skipped="0" failures="0" errors="0" timestamp="2021-08-23T05:24:19" hostname="DESKTOP-AUD0KO0" time="0.006">
  <properties/>
  <testcase name="quicktest" classname="tests.QuickTest" time="0.006"/>
  <system-out><![CDATA[08:24:19.274  INFO  tests.TestBase - Start method -->quicktest
08:24:19.275  INFO  tests.TestBase - Test Start with Data -->[]
08:24:19.275  INFO  tests.TestBase - ==================================================================
Im Quick test
08:24:19.289  INFO  tests.TestBase - End of method -->quicktest
]]></system-out>
  <system-err><![CDATA[]]></system-err>
</testsuite>
